,A1,A2,A3,A4,A5,A6,A7,A8,A9,A10,A11,A12,A13,A14,A15,A16,A17,A18,A19,Credit,Predicted
0,1,302,0.0,3,3,6,3,0.0,0,0,0,0,0,0,0,0.2,14.0,2,0.21,bad,bad
1,2,211,3.25,2,1,11,4,9.0,1,0,0,1,0,2,639,1.0,99.0,2,0.3,good,good
2,0,254,1.75,3,3,0,0,0.0,0,0,0,1,0,19,1,0.28,14.0,2,0.22,bad,bad
3,2,43,5.625,2,1,13,8,1.71,1,0,0,0,2,8,0,0.17,25.0,0,0.77,good,good
4,1,85,0.5,2,1,11,4,1.25,1,1,1,0,0,0,678,0.8,14.0,0,0.74,good,good
5,2,102,3.25,2,1,2,4,2.29,0,1,1,1,0,115,21,0.09,81.0,1,0.15,bad,bad
6,2,73,3.0,2,1,10,8,1.29,1,1,1,0,0,67,800,0.97,4.0,1,0.26,good,good
7,2,49,5.085,3,3,8,8,0.29,0,0,0,0,0,15,184,0.5,83.0,1,0.82,bad,bad
8,2,232,1.71,3,3,10,8,0.165,0,0,0,0,2,111,0,0.55,75.0,1,0.15,bad,bad
9,2,281,4.165,2,1,14,1,0.085,0,0,0,1,0,141,0,0.18,58.0,1,0.36,bad,bad
10,1,75,1.835,2,1,8,5,0.0,0,1,1,0,0,40,53,0.08,7.0,2,0.74,bad,bad
11,2,94,12.5,2,1,1,8,3.0,1,0,0,1,2,39,0,0.05,26.0,1,0.03,good,bad
12,2,77,11.125,2,1,14,4,0.46,1,1,1,0,0,1,0,0.4,14.0,2,0.4,good,good
13,2,88,2.0,2,1,5,2,0.165,0,1,2,0,0,86,1300,0.49,7.0,1,0.99,bad,bad
14,2,229,2.5,3,3,7,4,10.0,0,0,0,1,2,40,0,0.02,56.0,2,0.4,bad,bad
15,2,24,0.165,2,1,4,8,0.25,0,0,0,1,2,74,0,0.6,61.0,1,0.46,bad,bad
16,2,62,0.5,2,1,2,8,0.125,0,0,0,0,0,96,0,0.65,15.0,2,0.59,bad,bad
17,2,266,7.0,3,3,2,8,1.625,0,0,0,0,0,23,2,0.31,90.0,2,0.97,bad,bad
18,2,126,3.0,2,1,13,8,0.75,0,0,0,1,0,80,67,0.65,68.0,0,0.66,bad,bad
19,2,282,3.75,2,1,7,1,1.0,0,0,0,0,0,1,2,0.2,23.0,0,0.7,bad,bad
20,2,256,3.0,2,1,7,1,1.0,1,0,0,0,0,0,200,0.5,27.0,0,0.43,bad,good
21,2,129,5.04,3,3,2,1,1.5,1,1,8,1,0,17,7,0.51,5.0,1,0.17,good,good
22,2,348,5.5,2,1,0,0,0.54,1,0,0,0,0,0,340,0.2,33.0,0,0.11,bad,good
23,2,227,5.0,2,1,3,8,3.5,1,1,10,1,0,0,0,0.09,53.0,2,0.55,good,good
24,1,34,0.585,3,3,1,8,0.585,1,0,0,1,0,23,0,0.71,72.0,0,0.05,bad,bad
25,0,46,7.5,2,1,9,8,1.5,1,1,1,0,0,23,234,0.94,83.0,2,0.11,good,good
26,2,138,14.79,2,1,1,8,5.04,1,1,5,1,0,27,0,0.16,89.0,2,0.37,good,good
27,2,285,12.0,2,1,10,8,16.0,1,0,0,0,2,4,0,0.18,45.0,0,0.55,good,good
28,1,218,5.5,2,1,11,8,0.125,1,0,0,1,0,55,0,0.69,89.0,0,0.14,good,bad
29,2,139,1.25,2,1,13,8,1.75,0,0,0,0,0,40,0,0.42,33.0,2,0.44,bad,bad
30,2,69,11.5,3,3,10,8,1.5,0,0,0,1,0,0,4000,0.91,95.0,2,0.26,bad,bad
31,2,329,2.75,2,1,13,8,1.75,1,1,5,1,0,147,58,0.97,2.0,2,0.73,good,good
32,2,123,13.75,2,1,13,8,5.75,1,0,0,1,0,132,500,0.71,62.0,0,0.57,good,good
33,2,46,1.085,2,1,11,8,1.5,0,0,0,0,0,3,7,0.87,67.0,0,0.35,bad,bad
34,1,152,6.5,2,1,2,1,4.0,1,1,7,1,0,0,3065,0.29,85.0,1,0.98,good,good
35,2,123,2.0,2,1,14,4,1.0,1,1,4,0,0,15,7544,0.39,42.0,0,0.16,good,good
36,1,274,13.0,2,1,7,1,5.165,1,1,9,1,0,0,0,0.86,63.0,1,0.25,good,good
37,0,170,1.5,2,1,2,8,0.25,0,0,0,1,0,101,122,0.08,19.0,2,0.06,bad,bad
38,2,134,14.5,2,1,4,8,0.125,0,0,0,0,0,0,286,0.77,38.0,2,0.1,bad,bad
39,2,198,4.5,2,1,14,4,5.75,0,0,0,1,2,153,0,0.43,19.0,1,0.87,good,bad
40,1,31,4.415,3,3,2,4,3.0,1,0,0,0,0,61,0,0.78,79.0,2,0.04,good,bad
41,1,280,8.0,2,1,2,8,7.875,1,1,6,1,0,0,1260,0.7,18.0,0,0.27,good,good
42,2,70,10.04,2,1,14,8,0.04,1,1,9,0,0,147,396,0.1,32.0,2,0.59,good,good
43,2,110,13.0,2,1,5,2,0.0,0,0,0,1,0,15,1110,0.19,70.0,0,0.71,bad,bad
44,2,114,4.5,3,3,2,1,2.5,0,0,0,0,0,40,1210,0.19,93.0,1,0.05,bad,bad
45,0,143,0.665,2,1,13,8,0.25,0,0,0,1,0,80,0,0.86,56.0,2,0.66,bad,bad
46,1,71,7.0,2,1,2,8,0.165,0,0,0,0,0,23,0,0.09,35.0,2,0.67,bad,bad
47,2,215,2.04,2,1,13,8,0.04,1,0,0,1,0,111,5800,0.88,37.0,1,0.57,good,good
48,2,119,1.585,2,1,3,4,1.835,1,1,12,1,0,146,713,0.41,97.0,2,0.98,good,good
49,2,189,1.75,2,1,13,1,0.25,1,0,0,1,0,24,0,0.08,41.0,2,0.1,bad,bad
50,2,163,0.83,2,1,14,8,1.335,1,1,8,1,0,81,3290,0.06,59.0,0,0.12,good,bad
51,2,229,1.71,2,1,14,8,0.125,1,1,5,1,0,131,0,0.3,93.0,1,0.57,good,good
52,1,66,1.25,3,3,6,3,3.25,0,0,0,0,0,74,0,0.24,37.0,2,0.4,bad,good
53,2,71,10.5,2,1,11,4,1.335,1,0,0,0,0,1,0,0.12,99.0,2,0.68,good,good
54,1,146,5.29,2,1,5,2,2.25,1,1,5,1,0,169,500,0.37,95.0,1,0.78,good,good
55,2,308,9.625,2,1,5,8,8.665,1,1,5,0,0,0,0,0.2,82.0,1,0.24,good,good
56,2,286,4.25,2,1,10,8,0.125,1,0,0,1,0,54,0,0.18,16.0,1,0.49,good,bad
57,2,148,0.5,2,1,2,8,1.75,1,1,11,0,0,85,540,0.09,44.0,0,0.33,good,good
58,1,185,1.585,3,3,6,3,0.0,1,0,0,0,0,86,0,0.21,36.0,0,0.03,bad,bad
59,2,315,12.5,2,1,9,4,8.0,1,0,0,1,0,60,2028,0.83,40.0,1,0.85,good,good
60,2,346,19.0,3,3,6,3,0.04,0,1,2,0,0,0,351,0.31,100.0,1,0.28,bad,bad
61,2,119,1.665,2,1,3,4,5.085,1,1,9,0,0,109,827,0.81,65.0,1,0.48,good,good
62,1,83,0.71,2,1,13,8,0.25,0,1,1,1,0,61,4,0.04,80.0,0,0.84,bad,bad
63,2,55,7.5,2,1,1,8,1.415,1,1,1,0,0,159,9800,0.42,100.0,1,0.75,good,good
64,2,179,3.165,3,3,14,8,3.165,1,1,3,1,0,103,0,0.9,36.0,2,0.13,good,good
65,2,75,0.75,2,1,10,8,0.5,0,0,0,1,2,86,0,0.77,26.0,0,0.94,bad,bad
66,2,7,0.04,2,1,2,8,0.04,0,0,0,0,0,0,0,0.91,56.0,2,0.59,good,bad
67,1,112,2.54,3,3,6,3,0.0,0,0,0,1,0,34,60,0.69,5.0,0,0.1,bad,bad
68,2,160,19.5,2,1,2,8,7.0,1,1,16,0,0,0,5000,0.2,55.0,1,0.65,good,good
69,2,115,0.54,2,1,9,3,0.0,0,0,0,0,0,1,0,0.92,27.0,1,0.84,bad,bad
70,2,26,10.415,3,3,1,8,0.125,1,0,0,0,0,8,375,0.86,94.0,2,0.32,bad,bad
71,2,122,2.04,3,3,1,8,2.0,1,1,3,1,0,99,560,0.65,59.0,0,0.66,good,good
72,1,26,9.25,2,1,11,8,1.21,1,1,4,0,0,147,540,0.33,3.0,2,0.61,good,good
73,2,226,1.75,2,1,9,8,0.5,0,0,0,1,0,80,2,0.38,88.0,0,0.5,bad,bad
74,2,90,1.25,2,1,2,8,0.25,0,0,0,0,0,4,0,0.73,37.0,0,0.26,bad,bad
75,2,167,1.75,3,3,5,4,0.04,1,0,0,1,0,106,0,0.5,12.0,2,0.17,good,bad
76,1,271,4.0,2,1,8,5,0.0,1,0,0,0,0,1,960,0.36,79.0,0,0.14,good,good
77,1,20,10.21,2,1,6,3,0.0,0,0,0,0,0,0,50,0.08,34.0,0,0.11,bad,bad
78,2,233,1.625,2,1,2,8,1.5,0,0,0,0,0,0,316,0.82,29.0,2,0.16,bad,bad
79,2,184,2.75,2,1,7,1,0.0,0,0,0,0,0,34,0,0.48,68.0,0,0.63,bad,bad
80,2,309,6.75,2,1,2,4,2.625,1,1,11,1,0,0,284,0.0,53.0,0,0.08,good,good
81,0,128,0.585,2,1,1,8,0.04,0,0,0,0,0,67,1004,0.39,77.0,0,0.02,bad,bad
82,2,303,1.375,3,3,2,4,9.46,1,0,0,1,0,40,100,0.26,100.0,1,0.71,bad,bad
83,1,317,16.0,2,1,8,3,0.0,1,1,15,0,0,0,247,0.06,18.0,2,0.05,good,good
84,1,180,2.5,3,3,2,8,2.5,0,0,0,1,0,0,2,0.53,34.0,2,0.78,bad,bad
85,2,194,2.5,2,1,3,1,0.5,0,0,0,0,0,91,0,0.71,28.0,2,0.7,bad,bad
86,1,225,1.5,2,1,6,3,0.0,0,0,0,0,0,157,0,0.31,30.0,1,0.56,bad,bad
87,2,51,3.0,3,3,4,8,1.085,1,1,8,1,0,23,1,0.04,6.0,1,0.65,good,good
88,1,70,10.75,2,1,11,8,0.415,1,1,5,1,0,0,560,0.87,95.0,0,0.54,good,good
89,1,81,1.5,2,1,13,8,0.875,0,0,0,1,0,23,0,0.23,17.0,0,0.68,bad,bad
90,2,240,5.0,2,1,2,8,5.0,1,1,7,0,0,0,3065,0.24,23.0,1,0.19,good,good
91,1,17,9.0,2,1,1,8,1.375,1,0,0,1,0,0,0,0.9,27.0,1,0.7,good,good
92,2,174,2.335,2,1,4,4,5.75,0,0,0,1,0,78,0,0.76,97.0,1,0.04,bad,bad
93,2,100,0.375,2,1,10,8,0.25,1,1,3,0,0,67,15108,0.07,81.0,1,0.21,good,bad
94,1,200,12.0,2,1,11,4,14.0,1,1,8,0,0,0,6590,0.76,3.0,1,0.25,good,bad
95,2,188,1.54,2,1,3,8,1.54,1,1,1,1,0,141,50000,0.7,39.0,2,0.12,good,bad
96,1,38,0.665,3,3,2,8,1.0,0,1,1,0,0,41,2,0.97,21.0,2,0.94,bad,bad
97,1,49,10.25,2,1,11,8,0.71,1,1,2,1,0,133,0,0.2,66.0,1,0.04,good,bad
98,2,196,2.5,2,1,13,8,0.0,1,0,0,1,0,59,200,0.65,91.0,0,0.97,good,bad
99,2,83,12.0,2,1,2,8,2.085,0,0,0,0,2,159,0,0.95,36.0,0,0.46,bad,bad
100,1,38,0.665,2,1,13,8,1.665,0,0,0,0,0,51,5,0.6,95.0,1,0.27,bad,bad
101,0,179,2.25,3,3,3,8,3.5,0,0,0,1,0,40,141,0.54,44.0,2,0.48,bad,good
102,2,349,0.5,2,1,2,1,0.835,1,0,0,1,2,86,0,0.75,13.0,1,0.88,bad,good
103,2,208,0.75,3,3,4,8,0.585,0,0,0,0,0,61,3,0.8,31.0,0,0.62,bad,good
104,2,12,0.25,2,1,11,8,0.335,0,1,4,0,0,23,8,0.4,80.0,0,1.0,bad,good
105,2,117,1.5,3,3,13,8,0.375,1,0,0,1,0,67,1065,0.07,77.0,2,0.18,good,good
106,2,41,1.25,3,3,9,8,0.125,0,0,0,0,0,15,4,0.14,71.0,0,0.36,bad,good
107,2,300,2.04,3,3,6,3,1.5,0,0,0,0,0,8,1,0.37,22.0,1,0.77,bad,bad
108,2,157,2.085,2,1,2,8,0.085,0,0,0,0,0,80,0,0.62,75.0,2,0.1,bad,bad
109,1,32,9.0,2,1,1,8,0.75,1,1,2,0,0,162,591,0.23,13.0,0,0.06,good,good
110,2,104,12.835,2,1,3,8,0.5,0,0,0,0,0,0,2,0.96,18.0,0,0.15,bad,bad
111,2,71,1.585,3,3,13,8,3.085,1,1,6,0,0,159,0,0.17,8.0,2,0.14,good,good
112,1,60,11.75,2,1,2,8,0.25,0,0,0,1,0,34,0,0.98,82.0,2,0.27,bad,bad
113,2,22,5.5,2,1,9,8,0.5,1,0,0,0,0,159,0,0.45,42.0,0,0.81,good,bad
114,2,106,1.0,2,1,11,8,1.75,1,0,0,1,0,74,0,0.12,66.0,2,0.86,good,bad
115,1,332,16.5,2,1,11,8,11.0,1,0,0,1,0,45,10561,0.79,87.0,0,0.66,good,good
116,2,141,4.75,2,1,10,8,2.0,0,1,1,1,0,128,68,0.69,30.0,1,0.85,bad,bad
117,2,89,13.335,3,3,1,8,0.04,0,0,0,1,0,8,475,0.95,69.0,2,0.1,bad,bad
118,1,278,8.0,2,1,5,1,6.5,1,1,6,0,0,102,51100,0.56,23.0,2,0.56,good,good
119,2,195,4.0,2,1,4,1,12.5,1,0,0,1,0,170,0,0.63,95.0,0,0.83,bad,bad
120,2,66,0.46,2,1,9,8,0.125,0,0,0,1,0,74,55,0.46,45.0,0,0.45,bad,bad
121,2,188,9.17,2,1,2,8,4.5,1,1,12,1,0,0,221,0.39,41.0,1,0.81,good,good
122,2,96,3.0,2,1,2,8,1.25,0,1,1,0,0,0,22,0.91,60.0,2,0.44,bad,bad
123,2,13,3.0,2,1,9,8,0.04,0,0,0,1,0,23,40,0.29,49.0,1,0.57,bad,bad
124,2,327,2.71,2,1,2,8,2.415,0,0,0,1,0,86,0,0.11,4.0,2,0.76,bad,bad
125,2,242,0.5,3,3,10,8,0.5,0,0,0,1,0,12,0,0.03,49.0,0,0.82,bad,bad
126,2,64,2.335,2,1,9,8,0.75,0,0,0,0,0,34,0,0.95,40.0,2,0.26,bad,bad
127,2,277,6.5,2,1,2,8,1.0,0,0,0,1,0,0,228,0.31,34.0,0,0.35,bad,bad
128,1,97,13.5,3,3,6,3,2.0,0,1,1,1,0,40,1,0.84,98.0,2,0.37,bad,bad
129,1,34,8.585,2,1,3,4,0.75,1,1,7,0,0,167,0,0.59,60.0,2,0.23,good,good
130,1,71,0.75,2,1,2,8,2.0,0,1,2,1,0,40,394,0.06,100.0,0,0.27,bad,bad
131,2,113,14.585,2,1,7,1,0.0,0,0,0,1,0,33,0,0.18,58.0,0,0.88,bad,bad
132,1,153,10.665,2,1,11,4,0.085,0,1,12,1,0,11,3,0.01,71.0,0,0.86,bad,bad
133,1,101,0.0,0,0,0,0,0.0,0,0,0,0,1,170,0,0.48,56.0,1,0.95,good,good
134,2,154,2.5,2,1,3,4,2.25,0,0,0,1,2,90,0,0.41,88.0,2,0.66,bad,bad
135,1,272,3.0,2,1,2,8,2.375,1,1,8,1,0,108,4159,0.07,26.0,2,0.08,good,good
136,2,199,3.165,2,1,14,4,3.75,1,0,0,1,0,151,0,0.12,59.0,2,0.76,bad,good
137,2,198,2.5,2,1,9,8,4.5,1,1,7,0,0,19,1270,0.63,48.0,1,0.29,good,good
138,1,221,4.415,2,1,2,8,0.125,0,0,0,0,0,23,0,0.65,63.0,2,0.21,bad,bad
139,2,46,7.0,2,1,2,8,1.625,1,1,3,0,0,40,1391,0.09,80.0,2,0.49,good,good
140,2,171,3.5,2,1,9,8,0.5,0,0,0,1,0,58,0,0.95,91.0,2,0.31,bad,bad
141,1,307,0.165,2,1,6,3,0.0,0,0,0,1,2,149,27,0.87,17.0,1,0.23,bad,bad
142,2,36,1.5,3,3,3,8,2.0,1,0,0,1,0,1,20,0.01,72.0,1,0.05,bad,good
143,2,75,0.75,2,1,10,8,0.5,1,0,0,1,2,86,0,0.2,88.0,1,0.87,bad,bad
144,2,22,6.75,3,3,10,8,0.04,0,0,0,0,0,15,0,0.42,49.0,2,0.18,bad,bad
145,2,339,11.0,2,1,5,9,20.0,1,1,7,1,0,50,0,0.38,63.0,1,0.85,good,good
146,2,44,9.96,2,1,5,2,0.0,1,0,0,0,0,0,0,0.09,88.0,2,0.12,good,bad
147,2,144,2.04,3,3,14,4,0.04,0,0,0,0,0,10,1,0.16,43.0,2,0.53,bad,bad
148,2,78,12.625,2,1,2,8,0.125,0,1,2,0,0,0,5552,0.42,1.0,2,0.04,bad,bad
149,2,103,0.75,2,1,2,1,0.25,1,0,0,0,0,92,23,0.81,97.0,2,0.99,good,good
150,1,69,8.5,2,1,11,8,1.75,1,1,10,0,0,159,990,0.03,13.0,2,0.31,bad,good
151,2,55,10.5,2,1,2,8,3.0,1,0,0,1,0,0,0,0.25,61.0,0,0.97,good,bad
152,2,349,0.375,2,1,4,8,0.875,1,0,0,1,2,164,0,0.71,77.0,1,0.88,bad,good
153,1,93,1.25,2,1,6,3,0.0,1,0,0,0,0,159,0,0.48,8.0,0,0.41,bad,bad
154,1,212,5.125,2,1,5,8,5.0,1,0,0,1,0,0,4000,0.81,100.0,2,0.86,good,bad
155,1,134,1.04,2,1,2,8,2.5,1,1,5,1,0,80,1430,0.21,57.0,0,0.04,good,good
156,2,342,9.0,2,1,6,3,4.0,0,1,1,0,0,152,6,0.9,97.0,1,0.39,bad,bad
157,2,101,0.335,2,1,9,4,3.5,0,0,0,1,0,90,0,0.45,35.0,2,0.98,bad,bad
158,2,145,1.835,2,1,2,4,4.335,1,0,0,0,0,67,200,0.87,65.0,2,0.29,good,good
159,2,77,0.0,2,1,3,8,0.085,1,0,0,0,0,0,0,0.04,100.0,2,0.26,good,good
160,1,180,3.0,3,3,1,8,2.0,0,0,0,0,0,34,0,0.91,98.0,1,0.17,bad,bad
161,2,211,4.415,3,3,9,8,0.25,1,1,10,1,0,86,0,0.34,100.0,0,0.35,good,good
162,2,128,0.125,3,3,9,8,0.085,0,0,0,0,0,49,2100,0.86,87.0,1,0.83,bad,bad
163,2,98,0.58,2,1,2,8,0.29,1,1,7,1,0,167,5124,0.18,79.0,1,0.57,good,good
164,2,244,4.04,2,1,3,4,7.0,1,1,8,0,0,86,0,0.23,87.0,2,0.34,good,good
165,2,102,2.21,3,3,1,8,4.0,1,0,0,0,0,37,0,0.83,72.0,0,0.78,bad,bad
166,2,243,0.04,2,1,5,8,0.04,0,1,1,0,2,145,0,0.25,78.0,2,0.37,good,bad
167,1,289,1.5,2,1,8,5,0.0,1,0,0,1,0,1,27,0.77,78.0,0,0.1,bad,good
168,1,116,13.5,2,1,11,4,5.0,1,1,2,0,0,0,5000,0.99,97.0,1,0.88,good,good
169,2,238,21.5,2,1,5,9,20.0,1,1,11,0,0,0,1200,0.58,99.0,2,0.72,good,good
170,2,170,0.165,3,3,2,4,3.25,1,1,1,1,0,120,8000,0.26,96.0,0,0.91,good,good
171,1,71,0.335,2,1,11,8,0.75,0,0,0,0,2,23,0,0.96,63.0,0,0.85,bad,bad
172,1,95,2.54,3,3,1,8,0.25,1,0,0,1,0,99,0,0.86,27.0,1,0.71,good,bad
173,1,133,3.75,2,1,2,8,0.25,0,1,1,1,0,110,154,0.7,33.0,2,0.07,bad,bad
174,2,46,1.835,2,1,2,8,2.25,1,1,1,0,0,1,150,0.88,52.0,2,0.62,good,good
175,1,328,4.46,2,1,11,4,3.04,1,1,6,0,0,118,560,0.54,68.0,0,0.82,good,good
176,1,140,1.085,3,3,14,8,1.0,0,0,0,0,0,74,13,0.99,27.0,1,0.56,bad,bad
177,2,125,4.0,3,3,7,4,5.75,1,1,2,1,0,156,0,0.46,91.0,2,0.34,bad,good
178,0,140,2.0,3,3,5,4,2.0,0,0,0,0,0,66,17,0.64,94.0,2,0.71,bad,bad
179,1,68,5.665,2,1,11,8,2.585,1,1,7,0,0,11,3257,0.93,46.0,2,0.09,good,good
180,2,211,2.0,2,1,7,8,0.25,0,0,0,1,0,52,0,0.99,55.0,0,0.48,bad,bad
181,1,337,0.165,2,1,6,3,0.0,1,1,1,0,0,58,100,0.98,74.0,1,0.02,good,good
182,1,89,1.75,3,3,2,8,0.165,0,0,0,0,0,13,0,0.92,80.0,2,0.31,bad,bad
183,2,39,10.0,3,3,9,4,0.835,1,0,0,1,0,15,0,0.72,72.0,2,0.07,bad,good
184,2,108,0.835,2,1,3,8,1.165,0,0,0,0,0,1,0,0.36,30.0,1,0.7,bad,bad
185,1,202,0.915,2,1,1,8,0.75,1,1,4,0,0,0,1583,0.9,60.0,1,0.28,good,good
186,2,47,10.0,3,3,2,8,2.5,1,0,0,0,2,110,0,0.64,47.0,2,0.91,good,bad
187,2,202,2.415,2,1,13,8,0.125,0,1,2,0,0,51,1,0.35,100.0,1,0.41,bad,bad
188,2,140,0.58,2,1,13,8,0.29,0,1,1,0,0,90,2803,0.78,100.0,2,0.98,bad,bad
189,1,23,10.0,3,3,11,4,0.165,0,0,0,0,0,90,0,0.2,100.0,2,0.32,bad,bad
190,1,166,3.125,2,1,6,3,3.04,0,1,2,1,0,40,4,0.56,75.0,2,0.82,bad,bad
191,1,80,0.79,3,3,11,8,1.5,1,1,2,1,0,159,400,0.08,2.0,1,0.71,good,good
192,2,94,12.0,2,1,9,8,2.25,1,1,2,1,0,8,5,0.55,95.0,0,0.01,bad,good
193,2,247,1.54,2,1,7,1,3.5,0,0,0,0,0,49,0,0.27,38.0,1,0.5,good,bad
194,2,23,10.25,2,1,2,4,1.085,0,0,0,0,0,86,13,0.82,9.0,0,0.42,bad,bad
195,2,134,9.335,2,1,11,4,5.665,1,1,6,0,0,104,168,0.74,9.0,1,0.49,good,good
196,2,340,5.5,2,1,5,9,13.0,1,1,1,1,0,0,0,0.84,26.0,2,0.28,good,good
197,2,135,1.165,2,1,9,8,0.5,1,0,0,0,2,74,0,0.91,95.0,0,0.44,bad,bad
198,2,209,4.25,2,1,11,8,3.5,0,0,0,0,0,126,50,0.08,75.0,1,0.78,bad,bad
199,1,273,0.46,2,1,3,4,0.415,1,1,11,1,0,122,6,0.47,16.0,1,0.64,good,good
200,1,349,11.25,2,1,6,3,0.0,0,0,0,0,0,170,5200,0.2,61.0,0,0.86,bad,good
201,2,119,0.625,2,1,1,8,0.455,1,0,0,1,0,40,0,0.58,67.0,2,0.06,bad,bad
202,2,252,1.04,2,1,13,8,5.0,1,1,6,1,0,136,10000,0.89,28.0,0,0.39,good,bad
203,1,87,2.5,3,3,7,1,4.5,0,0,0,0,0,40,456,0.25,50.0,0,0.1,bad,bad
204,1,50,3.0,2,1,1,8,0.04,1,0,0,0,0,1,0,0.34,45.0,1,0.7,good,good
205,1,295,0.835,2,1,1,8,0.5,0,0,0,1,0,61,117,0.61,20.0,0,0.72,bad,bad
206,2,59,1.165,3,3,9,8,2.5,1,1,1,0,0,34,20,0.36,62.0,2,0.88,bad,good
207,1,82,0.585,3,3,6,3,0.125,0,0,0,0,0,8,87,0.7,42.0,0,0.96,bad,bad
208,2,96,6.0,2,1,2,8,1.0,1,1,3,0,0,0,0,0.45,96.0,1,0.45,good,good
209,2,205,18.125,2,1,13,8,0.085,0,0,0,0,0,86,3552,0.8,18.0,2,0.3,bad,bad
210,2,187,2.5,2,1,2,8,1.0,0,0,0,0,0,128,16,0.33,24.0,1,0.96,bad,bad
211,1,167,6.0,2,1,4,8,1.25,0,0,0,0,0,70,0,0.15,19.0,0,0.19,bad,bad
212,2,92,2.75,2,1,2,8,2.25,1,1,6,0,0,170,600,0.28,94.0,1,0.61,good,good
213,2,41,7.0,2,1,2,8,0.5,0,0,0,0,0,0,0,0.22,43.0,2,0.26,bad,bad
214,2,194,15.0,2,1,12,6,5.375,1,1,9,1,0,0,134,0.91,89.0,2,0.53,good,good
215,1,341,15.0,2,1,5,9,0.0,1,1,14,0,0,0,3376,0.02,76.0,1,0.57,good,good
216,2,48,5.29,2,1,11,8,0.375,1,1,1,0,0,23,0,0.42,72.0,2,0.35,bad,good
217,1,195,1.25,3,3,7,4,0.5,0,0,0,1,0,23,0,0.56,8.0,1,0.35,bad,bad
218,2,231,5.875,2,1,3,4,10.0,1,1,14,1,0,109,0,0.34,14.0,1,0.74,good,good
219,2,53,0.25,3,3,2,4,0.25,0,0,0,0,0,74,204,0.44,88.0,1,0.86,bad,bad
220,1,72,6.165,2,1,1,8,0.165,0,0,0,0,0,51,1000,0.42,61.0,1,0.67,bad,bad
221,2,137,3.5,2,1,13,8,3.5,1,1,3,1,0,87,0,0.86,49.0,2,0.02,bad,good
222,2,257,1.25,2,1,10,8,13.875,0,1,1,1,0,94,112,0.78,20.0,0,0.23,bad,bad
223,2,161,15.5,2,1,2,8,0.5,1,0,0,0,0,8,0,0.23,27.0,0,0.85,bad,good
224,1,203,1.0,2,1,2,8,2.0,1,1,11,0,0,0,456,0.06,61.0,1,0.9,good,good
225,2,187,6.5,2,1,1,8,0.125,1,0,0,1,0,123,0,0.66,20.0,1,0.84,bad,good
226,2,213,4.0,2,1,2,1,5.0,1,0,0,1,2,74,0,0.25,18.0,2,0.38,bad,bad
227,2,190,1.335,2,1,7,1,0.125,0,0,0,1,0,122,4500,0.13,15.0,0,0.92,bad,bad
228,2,48,1.25,3,3,2,4,1.375,1,1,3,1,0,15,210,0.83,37.0,1,0.98,bad,good
229,1,141,1.75,3,3,9,8,1.25,0,0,0,1,0,74,0,0.63,19.0,0,0.38,bad,bad
230,2,27,2.0,2,1,7,8,1.5,1,1,2,0,0,8,300,0.7,91.0,0,0.8,good,good
231,2,216,1.125,3,3,4,8,1.5,0,0,0,1,0,119,0,0.6,97.0,2,0.2,good,bad
232,2,129,0.875,2,1,10,8,0.96,1,1,3,1,0,108,0,0.97,90.0,1,0.87,good,good
233,1,69,8.46,3,3,14,8,2.46,0,0,0,0,0,25,0,0.04,87.0,0,0.1,good,bad
234,2,334,12.75,3,3,2,4,5.0,1,0,0,0,0,5,0,0.31,29.0,0,0.18,bad,bad
235,2,10,0.125,2,1,2,8,0.165,0,0,0,0,0,13,0,0.68,19.0,1,0.11,bad,bad
236,2,168,4.0,2,1,10,8,2.5,1,0,0,1,0,96,0,0.45,15.0,2,0.83,good,bad
237,2,172,3.0,2,1,4,8,0.165,0,0,0,1,0,8,0,0.55,71.0,0,0.41,bad,bad
238,2,129,5.125,2,1,14,8,4.75,1,1,2,0,0,116,7,0.21,10.0,0,0.4,good,good
239,2,91,0.54,2,1,10,8,1.0,0,0,0,1,0,8,1,0.34,96.0,2,0.34,bad,bad
240,2,171,7.5,2,1,5,1,1.585,1,0,0,1,2,116,0,0.8,56.0,0,0.47,bad,bad
241,2,349,5.0,3,3,1,8,8.5,1,0,0,0,0,0,0,0.82,20.0,2,0.5,bad,good
242,1,14,9.5,2,1,1,8,1.75,0,1,10,1,0,0,10,0.65,2.0,2,0.12,bad,good
243,2,37,9.585,2,1,1,8,0.79,0,0,0,0,0,159,350,0.46,75.0,2,0.04,bad,good
244,2,291,7.585,2,1,7,1,7.585,1,1,15,1,0,0,5000,0.19,35.0,0,0.18,good,good
245,2,109,1.54,2,1,13,8,0.125,0,0,0,0,0,1,0,0.34,66.0,2,0.1,bad,good
246,1,37,0.165,2,1,11,8,0.04,0,0,0,1,0,103,0,0.58,48.0,0,0.96,bad,good
247,1,132,1.0,2,1,11,8,1.0,1,1,2,1,0,26,500,0.46,93.0,2,0.41,bad,good
248,2,148,6.5,2,1,3,8,3.125,1,1,8,0,0,88,1200,0.95,58.0,0,0.64,good,bad
249,2,28,10.29,2,1,6,3,0.415,0,0,0,0,0,159,0,0.21,43.0,0,0.17,bad,good
250,2,103,0.5,2,1,2,8,1.46,1,1,5,1,0,84,0,0.95,55.0,1,0.91,good,good
251,2,319,12.25,2,1,10,8,1.25,1,1,4,1,0,40,0,0.37,2.0,0,0.57,good,bad
252,1,270,10.5,2,1,11,8,5.0,1,1,7,1,0,0,0,0.32,77.0,1,0.26,good,bad
253,1,293,13.585,2,1,9,4,8.5,1,0,0,1,0,0,0,0.85,36.0,2,0.39,good,bad
254,1,320,4.25,3,3,6,3,5.0,0,0,0,1,0,0,4,0.44,70.0,2,0.5,bad,bad
255,2,102,12.5,2,1,3,8,1.21,1,1,67,1,0,15,258,0.33,12.0,1,0.62,good,bad
256,2,220,10.125,3,3,9,8,0.125,0,0,0,0,0,23,0,0.95,85.0,1,0.74,bad,good
257,2,82,0.46,3,3,13,8,2.625,1,1,6,1,0,44,347,0.6,13.0,2,0.68,bad,bad
258,1,239,8.125,3,3,9,8,0.165,0,1,2,0,0,170,18,0.58,38.0,2,0.34,bad,bad
259,2,64,0.83,2,1,2,4,2.165,0,0,0,1,0,10,0,0.41,26.0,1,0.79,good,bad
260,2,36,7.25,2,1,10,8,0.04,0,1,1,0,0,1,1,0.19,18.0,2,0.06,bad,good
261,2,163,16.165,2,1,4,8,3.0,1,1,9,0,0,62,730,0.94,28.0,0,0.83,good,bad
262,2,66,9.0,2,1,1,8,0.085,0,0,0,0,0,0,0,0.68,57.0,0,0.86,bad,bad
263,2,181,1.75,2,1,14,4,4.5,1,1,4,1,0,64,857,0.79,31.0,2,0.68,good,bad
264,2,219,10.125,2,1,14,8,2.5,1,1,6,0,0,141,196,0.13,73.0,0,0.17,good,good
265,2,158,1.5,3,3,13,8,0.04,0,0,0,0,2,23,0,0.69,29.0,0,0.84,bad,bad
266,2,237,6.5,2,1,1,1,3.5,1,1,1,0,0,0,500,0.57,94.0,1,0.37,good,good
267,1,90,0.67,2,1,1,4,1.75,1,0,0,0,0,111,0,0.84,12.0,0,0.17,bad,good
268,2,95,1.71,2,1,14,8,1.665,1,1,1,1,0,107,20,0.59,84.0,1,0.29,good,good
269,2,75,0.625,3,3,1,8,0.125,1,0,0,0,0,34,1,0.59,53.0,0,0.49,bad,bad
270,2,186,5.5,3,3,2,8,1.5,0,0,0,1,0,147,0,0.48,2.0,0,0.23,bad,bad
271,1,178,4.625,2,1,11,4,1.625,1,1,2,0,0,0,0,0.95,53.0,0,0.78,good,good
272,2,250,0.42,2,1,2,4,0.21,1,1,6,0,0,51,948,0.35,73.0,0,0.88,good,good
273,2,349,10.5,2,1,14,8,6.5,1,0,0,0,0,0,0,0.86,64.0,2,0.45,good,good
274,2,324,7.04,2,1,10,8,14.0,1,1,6,1,0,96,1332,0.87,25.0,0,0.63,good,good
275,1,97,12.5,2,1,4,8,1.0,0,0,0,1,0,34,1062,0.41,17.0,2,0.64,bad,bad
276,2,113,2.71,3,3,3,8,5.25,1,1,1,0,0,47,0,0.79,43.0,0,0.52,good,good
277,2,349,3.0,3,3,7,1,7.0,0,0,0,0,0,0,1,0.21,65.0,1,0.29,bad,bad
278,1,89,1.04,3,3,6,3,0.5,1,1,3,0,0,34,147,0.24,36.0,2,0.7,bad,good
279,1,3,0.585,2,1,2,4,1.5,1,1,2,0,0,1,0,0.01,55.0,0,0.93,good,good
280,2,76,11.5,2,1,7,8,3.5,1,1,9,0,0,144,742,0.13,21.0,2,0.66,good,good
281,2,16,22.0,1,2,6,7,0.0,0,0,0,1,1,125,100000,0.15,48.0,0,0.88,good,bad
282,2,43,8.17,2,1,1,8,1.96,1,1,14,0,0,147,158,0.72,22.0,2,0.81,good,good
283,2,287,0.205,3,3,9,8,0.25,1,1,11,0,0,103,2732,0.29,76.0,1,0.05,good,good
284,2,207,2.125,3,3,13,8,0.085,1,1,1,0,0,135,1187,0.12,27.0,1,0.25,good,good
285,2,253,5.04,2,1,11,4,12.75,1,0,0,1,0,163,0,0.66,76.0,2,0.84,good,good
286,2,234,5.0,2,1,6,3,0.0,0,1,2,0,0,28,1,0.32,2.0,2,0.07,bad,bad
287,2,25,1.21,3,3,5,2,0.0,0,0,0,0,0,1,0,0.09,31.0,0,0.41,bad,bad
288,1,306,15.0,2,1,2,8,5.5,1,1,14,0,0,0,2200,0.9,1.0,1,0.54,good,good
289,1,42,1.25,2,1,2,8,0.0,0,0,0,0,0,0,0,0.52,8.0,0,0.77,bad,bad
290,2,234,13.915,2,1,13,8,8.625,1,1,6,1,0,152,0,0.54,9.0,1,0.15,good,good
291,2,71,2.54,3,3,2,4,2.585,1,0,0,0,0,0,0,0.41,50.0,0,0.66,good,bad
292,1,94,12.33,2,1,3,4,3.5,1,1,6,0,0,111,458,0.24,20.0,0,0.8,good,good
293,2,222,0.705,2,1,2,8,0.375,0,1,2,0,0,54,500,0.87,88.0,2,0.7,bad,bad
294,2,186,4.5,2,1,1,8,1.0,1,0,0,1,0,61,0,0.99,73.0,1,0.18,bad,bad
295,2,78,4.0,2,1,2,1,0.25,1,0,0,1,0,23,0,0.12,35.0,0,0.32,good,bad
296,2,38,0.585,2,1,6,3,0.0,0,1,3,0,0,93,769,0.29,89.0,0,0.27,bad,bad
297,2,284,25.085,2,1,13,8,1.75,1,1,3,0,0,8,14,0.97,8.0,0,0.77,good,good
298,1,183,0.375,2,1,3,8,0.375,0,0,0,0,0,80,44,0.34,5.0,2,0.23,good,bad
299,2,336,0.54,2,1,2,8,0.585,1,1,3,1,0,34,0,0.0,99.0,2,0.74,bad,good
300,2,170,14.0,3,3,6,3,0.0,0,1,2,0,0,23,1,0.51,68.0,0,0.72,bad,good
301,2,311,9.415,2,1,6,3,14.415,1,1,11,1,0,79,300,0.24,27.0,0,0.91,good,bad
302,1,82,0.83,2,1,11,8,0.415,0,1,1,1,0,40,11,0.41,43.0,1,0.44,bad,bad
303,2,42,0.25,2,1,11,8,0.125,0,0,0,0,0,40,0,0.39,87.0,1,0.39,bad,bad
304,2,259,0.375,3,3,2,8,0.375,1,1,8,1,0,80,162,0.78,15.0,1,0.55,good,good
305,2,275,5.835,2,1,13,8,5.5,0,0,0,0,0,129,150,0.11,33.0,1,0.59,bad,bad
306,1,244,6.5,2,1,11,8,0.5,1,1,3,1,0,18,0,0.22,8.0,1,0.89,good,good
307,2,34,0.0,3,3,10,1,0.0,0,0,0,1,2,136,1,0.24,56.0,0,0.02,good,bad
308,2,90,12.5,2,1,13,8,0.875,1,0,0,1,0,67,0,0.3,51.0,1,0.77,bad,good
309,1,344,0.0,0,0,0,0,0.0,0,0,0,0,1,170,0,0.88,16.0,1,0.58,good,good
310,1,245,1.0,2,1,7,1,2.25,1,0,0,1,0,0,300,0.26,95.0,0,0.57,good,bad
311,1,294,12.54,2,1,1,8,2.29,1,1,3,1,0,22,0,0.78,29.0,2,0.51,good,good
312,2,257,4.625,2,1,11,8,4.58,1,0,0,0,2,0,0,0.35,79.0,2,0.26,good,good
313,1,349,3.5,2,1,4,8,3.0,1,0,0,1,0,80,0,0.23,62.0,2,0.59,bad,bad
314,1,46,10.5,3,3,14,4,0.0,0,0,0,1,0,21,32,0.94,36.0,1,0.74,bad,bad
315,1,323,2.0,2,1,6,3,6.5,0,1,1,0,0,0,10,0.07,2.0,2,0.67,bad,bad
316,2,261,25.21,2,1,11,4,0.21,1,1,1,0,0,158,90,0.08,24.0,1,0.81,bad,good
317,2,20,0.205,2,1,1,8,0.04,0,0,0,0,0,74,750,0.44,16.0,1,0.85,bad,bad
318,2,125,1.5,2,1,13,8,2.0,1,1,11,1,0,121,35,0.07,4.0,2,0.46,good,good
319,2,249,0.96,2,1,14,8,2.5,1,0,0,0,0,137,600,0.84,12.0,1,0.28,good,good
320,2,248,1.75,2,1,9,8,0.21,1,0,0,0,0,23,0,0.79,20.0,1,0.59,bad,bad
321,1,30,7.5,2,1,11,8,2.71,1,1,5,0,0,170,26726,0.28,18.0,2,0.53,good,good
322,1,321,0.335,2,1,7,1,1.0,1,0,0,1,0,63,2197,0.62,14.0,0,0.84,bad,bad
323,2,292,19.0,2,1,6,3,0.0,1,1,1,0,0,166,0,0.27,27.0,2,0.73,bad,good
324,2,230,9.5,2,1,10,8,6.5,1,1,14,0,0,61,4607,0.63,9.0,1,0.22,good,good
325,1,239,7.54,3,3,11,4,8.0,1,1,14,0,0,0,2300,0.13,48.0,0,0.82,good,good
326,2,34,4.0,3,3,7,8,1.0,0,0,0,1,0,96,1000,0.69,61.0,2,0.83,bad,bad
327,0,269,1.0,2,1,11,8,0.125,0,0,0,1,0,68,0,0.34,41.0,2,0.63,bad,bad
328,2,198,25.125,2,1,14,4,1.625,1,1,1,1,0,138,500,0.88,18.0,2,0.47,good,good
329,2,158,3.085,2,1,2,8,2.5,0,1,2,1,0,23,41,0.52,60.0,0,0.38,bad,bad
330,0,42,0.125,2,1,11,8,1.0,0,1,1,0,0,61,768,0.74,73.0,1,0.98,good,bad
331,1,98,2.085,2,1,2,4,2.75,1,0,0,1,0,96,1,0.66,98.0,0,0.6,bad,bad
332,2,218,7.0,2,1,11,4,11.5,1,1,7,1,0,80,5,0.06,11.0,0,0.59,bad,good
333,2,260,2.25,2,1,7,1,0.75,1,0,0,0,0,145,0,0.65,95.0,1,0.27,bad,bad
334,2,15,6.5,2,1,7,8,0.125,0,0,0,0,0,147,100,0.82,69.0,1,0.74,bad,bad
335,2,197,3.375,2,1,2,4,8.29,0,0,0,1,0,0,0,0.42,41.0,1,0.52,bad,bad
336,1,48,1.835,2,1,11,8,2.085,1,1,5,0,0,51,2503,0.12,65.0,0,0.97,good,good
337,2,130,5.0,2,1,13,8,11.0,1,0,0,1,0,152,0,0.68,17.0,2,0.29,good,good
338,2,296,0.585,2,1,6,3,0.0,0,0,0,0,0,18,0,0.72,20.0,2,0.58,bad,bad
339,1,10,1.25,2,1,11,8,0.25,0,1,1,0,0,3,98,0.59,14.0,2,0.89,bad,bad
340,2,197,2.5,2,1,7,8,1.0,0,0,0,1,0,46,0,0.93,40.0,0,0.49,bad,bad
341,2,72,11.0,2,1,11,8,2.5,1,1,7,1,0,1,809,0.46,62.0,1,0.16,good,good
342,1,169,1.46,2,1,13,8,1.085,1,1,16,0,0,8,2079,0.19,50.0,2,0.13,good,good
343,2,85,0.875,2,1,10,8,0.085,0,1,4,0,0,65,1950,0.65,81.0,0,0.82,bad,bad
344,2,51,4.79,3,3,13,8,2.25,1,1,1,1,0,159,300,0.36,78.0,0,0.15,good,good
345,2,136,0.375,2,1,2,8,0.29,0,0,0,0,0,51,140,0.12,23.0,0,0.65,bad,bad
346,2,77,0.0,0,0,0,0,0.0,0,0,0,0,1,170,0,0.79,59.0,0,0.43,good,bad
347,1,276,0.75,2,1,11,4,2.75,1,1,1,0,0,89,892,0.81,29.0,1,0.66,good,good
348,2,76,0.0,2,1,9,8,1.0,0,1,11,0,2,0,0,0.15,25.0,0,0.65,bad,bad
349,2,37,0.29,2,1,9,8,0.29,0,0,0,0,0,74,364,0.45,9.0,0,0.16,bad,good
350,1,75,11.75,2,1,14,4,0.5,1,1,2,1,0,80,551,0.92,51.0,0,0.46,good,good
351,2,34,9.5,2,1,13,8,1.5,1,0,0,0,0,8,2206,0.49,34.0,2,0.69,good,bad
352,2,264,11.0,3,3,4,8,1.5,1,0,0,0,2,0,0,0.38,1.0,1,0.29,bad,bad
353,2,155,1.585,2,1,4,8,0.585,0,0,0,1,2,0,0,0.25,64.0,0,0.96,bad,bad
354,2,322,8.5,2,1,5,4,7.0,1,1,3,0,0,0,0,0.09,29.0,1,0.22,good,good
355,2,186,5.085,3,3,7,1,1.085,0,0,0,1,0,131,0,0.14,85.0,2,0.99,bad,bad
356,2,21,0.165,2,1,11,6,0.21,0,0,0,0,0,40,40,0.07,76.0,0,0.62,good,bad
357,2,190,4.25,2,1,7,1,3.25,1,1,2,0,0,71,610,0.13,60.0,2,0.42,good,good
358,2,71,0.165,2,1,2,5,2.25,0,0,0,1,2,0,0,0.14,16.0,2,0.92,good,bad
359,2,17,10.0,2,1,13,4,0.165,0,1,1,0,0,8,1,0.29,89.0,2,0.23,bad,bad
360,2,142,1.415,2,1,13,4,0.75,1,1,1,0,0,61,100,0.63,92.0,0,0.43,good,bad
361,2,56,0.75,3,3,12,6,0.75,0,0,0,1,0,13,2,0.13,9.0,0,0.32,bad,bad
362,1,263,6.665,2,1,11,8,7.375,1,1,3,1,0,0,0,0.7,31.0,0,0.2,good,good
363,2,179,1.0,2,1,14,8,0.75,1,1,7,1,0,90,4071,0.82,39.0,0,0.3,good,good
364,2,69,0.125,3,3,9,8,0.125,0,0,0,0,0,40,70,0.28,40.0,1,0.09,bad,bad
365,1,119,0.29,2,1,10,4,0.125,0,1,1,1,0,70,108,0.18,32.0,0,0.05,bad,bad
366,2,57,11.5,2,1,7,8,0.5,1,0,0,1,0,1,68,0.03,59.0,1,0.04,bad,good
367,1,60,1.75,3,3,8,5,0.0,0,0,0,0,0,23,0,0.13,9.0,1,0.43,bad,bad
368,1,133,3.54,2,1,7,1,0.5,1,0,0,1,0,30,0,0.14,72.0,0,0.96,bad,bad
369,2,165,2.5,2,1,1,8,7.5,1,0,0,1,0,142,0,0.45,9.0,2,0.0,bad,bad
370,1,140,0.46,2,1,9,8,0.54,1,1,4,0,0,103,500,0.64,77.0,2,0.81,good,good
371,2,125,1.0,3,3,4,4,3.0,0,0,0,0,0,32,537,0.68,3.0,0,0.38,bad,bad
372,1,349,1.5,2,1,6,3,0.0,0,1,2,1,0,40,105,0.25,29.0,1,0.06,bad,bad
373,2,31,0.415,3,3,2,8,0.165,0,1,1,0,0,40,1,0.21,12.0,2,0.89,bad,bad
374,2,67,11.0,2,1,13,8,2.0,1,1,1,0,0,159,278,0.41,96.0,0,0.2,good,good
375,2,175,2.5,2,1,3,4,2.75,1,1,6,0,0,23,2072,0.25,84.0,1,0.68,good,good
376,2,53,0.875,3,3,2,4,0.25,0,0,0,0,0,74,204,0.0,25.0,2,0.26,bad,bad
377,1,267,4.585,2,1,9,4,1.0,0,0,0,1,2,61,0,0.36,73.0,0,0.28,bad,bad
378,1,228,4.0,2,1,2,8,3.0,0,0,0,0,0,131,0,0.24,87.0,1,0.52,bad,bad
379,1,159,3.75,2,1,3,4,0.625,1,1,9,1,0,35,0,0.86,5.0,2,0.95,good,good
380,2,297,10.0,2,1,7,1,0.0,1,1,11,0,0,0,1249,0.75,32.0,0,0.78,good,good
381,2,268,1.5,2,1,2,8,2.5,1,0,0,1,0,15,0,0.58,99.0,1,0.92,bad,bad
382,2,314,11.5,2,1,6,3,5.0,1,1,5,0,0,0,8851,0.99,6.0,0,0.06,good,good
383,1,305,7.0,2,1,1,4,3.0,0,0,0,0,0,0,0,1.0,97.0,2,0.34,bad,bad
384,2,236,6.21,2,1,11,8,0.04,1,1,1,0,0,40,300,0.48,56.0,2,0.39,good,good
385,2,182,0.25,2,1,7,1,4.0,0,0,0,1,2,116,0,0.79,15.0,2,0.51,bad,bad
386,2,212,0.125,3,3,2,8,1.5,0,0,0,1,0,58,113,0.26,21.0,0,0.09,good,bad
387,2,23,2.46,2,1,2,6,0.96,0,1,2,1,0,23,587,0.56,65.0,1,0.64,bad,bad
388,2,172,2.165,3,3,9,3,0.0,0,0,0,0,0,8,0,0.86,9.0,0,0.42,bad,bad
389,2,261,3.0,2,1,11,4,6.0,1,1,11,0,0,159,0,0.28,82.0,2,0.26,good,good
390,1,96,2.875,2,1,14,4,0.875,1,0,0,0,0,96,0,0.54,71.0,1,0.21,good,bad
391,1,94,0.875,2,1,14,4,1.04,1,0,0,1,0,23,5860,0.91,37.0,0,0.53,good,good
392,2,72,11.5,2,1,7,8,0.415,0,0,0,0,0,0,0,0.96,90.0,0,0.42,bad,bad
393,2,144,1.25,3,3,9,8,0.25,0,0,0,0,0,53,0,0.09,99.0,2,0.74,bad,bad
394,1,45,10.0,2,1,2,4,1.0,1,1,4,0,0,135,1465,0.18,85.0,0,0.87,good,good
395,1,149,5.5,2,1,9,8,5.5,0,0,0,1,2,1,0,0.26,55.0,1,0.17,bad,bad
396,1,108,2.0,2,1,8,5,0.0,0,0,0,1,0,72,1,0.9,65.0,1,0.2,bad,bad
397,1,92,4.5,2,1,13,8,1.0,0,0,0,1,0,96,6,0.62,76.0,2,0.09,bad,good
398,1,99,1.125,2,1,11,8,1.29,1,1,2,0,0,40,0,0.73,25.0,1,0.19,bad,good
399,2,41,0.0,2,1,4,8,0.5,0,0,0,0,0,17,0,0.33,45.0,2,0.97,bad,good
400,2,12,0.085,3,3,2,8,0.04,0,0,0,0,0,15,722,0.38,32.0,0,0.35,bad,good
401,2,29,5.0,2,1,11,8,0.375,1,1,2,0,0,0,38,0.6,53.0,0,0.84,bad,bad
402,2,290,2.29,2,1,6,3,0.29,0,0,0,0,0,40,3,0.31,26.0,1,0.14,bad,good
403,2,240,3.29,2,1,10,8,3.5,0,0,0,1,2,111,0,0.87,49.0,0,0.18,bad,bad
404,2,300,3.0,3,3,6,3,1.5,0,0,0,0,0,34,4,0.1,13.0,0,0.89,bad,bad
405,2,347,22.29,2,1,5,9,12.75,1,1,1,1,0,0,109,0.71,76.0,2,0.25,good,good
406,2,246,5.0,2,1,11,4,5.0,1,1,6,1,0,130,0,0.51,73.0,2,0.48,good,bad
407,2,236,5.0,2,1,7,1,0.21,0,0,0,0,0,143,0,0.03,94.0,1,0.25,bad,bad
408,2,80,1.0,2,1,2,8,0.5,0,0,0,1,2,74,0,0.05,9.0,0,0.43,bad,bad
409,2,9,4.085,2,1,7,4,0.415,0,0,0,1,0,8,0,0.17,79.0,1,0.29,bad,bad
410,2,214,6.5,2,1,10,4,4.25,1,1,12,1,0,165,0,0.25,84.0,2,0.58,good,bad
411,2,46,0.0,0,0,0,0,0.0,0,0,0,0,1,170,0,0.93,96.0,2,0.46,bad,bad
412,1,128,0.375,2,1,11,8,0.585,1,1,4,0,0,159,0,0.75,62.0,2,0.34,good,good
413,2,305,6.5,2,1,9,8,6.29,1,1,15,0,0,0,11202,0.5,26.0,2,0.29,good,good
414,1,325,10.0,2,1,11,8,4.0,1,1,14,0,0,0,1602,0.53,86.0,1,0.48,good,good
415,2,179,3.04,3,3,2,4,2.04,1,1,1,1,0,34,18027,0.25,94.0,0,0.67,good,good
416,2,53,0.0,2,1,2,8,0.5,0,0,0,1,2,0,0,0.79,17.0,2,0.53,bad,bad
417,2,105,0.875,2,1,9,8,0.375,0,1,2,1,0,31,3,0.54,59.0,1,0.5,bad,bad
418,2,74,3.165,3,3,2,8,0.165,0,0,0,0,0,23,1058,0.26,30.0,1,0.32,bad,bad
419,2,136,15.0,2,1,2,4,5.335,1,1,11,0,0,0,2283,0.16,80.0,1,0.58,good,good
420,2,201,0.75,2,1,9,8,1.5,0,0,0,1,0,57,0,0.82,43.0,1,0.19,bad,bad
421,1,20,0.54,2,1,2,8,1.75,0,1,1,1,0,159,5,0.69,48.0,2,0.42,bad,bad
422,2,142,0.75,3,3,2,8,0.04,0,0,0,0,0,61,0,0.51,96.0,2,0.19,bad,bad
423,1,120,1.665,2,1,6,3,0.0,0,0,0,0,0,90,1,0.32,44.0,1,0.9,bad,bad
424,2,183,2.165,2,1,2,8,1.5,0,0,0,0,1,8,0,0.75,90.0,1,0.1,bad,bad
425,2,108,12.5,3,3,9,4,1.25,0,0,0,1,0,0,17,0.9,82.0,2,0.56,bad,bad
426,2,47,2.415,2,1,2,8,2.0,1,1,11,1,0,40,3000,0.61,40.0,2,0.64,good,good
427,1,283,1.335,2,1,7,7,0.335,0,0,0,0,0,0,120,0.75,86.0,0,0.18,bad,bad
428,2,233,4.25,2,1,2,1,6.5,1,1,16,0,0,7,1210,0.83,21.0,1,0.7,good,good
429,1,52,5.0,3,3,6,3,0.0,0,0,0,0,0,0,0,0.8,39.0,1,0.61,bad,bad
430,1,73,2.29,2,1,11,4,2.29,1,1,7,1,0,15,2384,0.94,78.0,2,0.01,good,good
431,2,12,3.29,2,1,7,8,0.335,0,0,0,1,0,15,2,0.78,96.0,0,0.19,bad,bad
432,2,0,4.0,3,3,13,8,1.75,1,1,2,1,0,8,1000,0.7,75.0,1,0.08,good,good
433,2,182,2.75,2,1,10,8,4.25,1,1,6,0,0,43,0,0.57,56.0,2,0.89,good,good
434,1,164,3.0,3,3,8,5,0.0,0,0,0,0,0,23,20,0.9,13.0,2,0.8,bad,bad
435,2,216,1.75,3,3,2,1,0.25,1,0,0,1,0,25,400,1.0,37.0,1,0.65,bad,bad
436,2,35,9.5,2,1,11,8,1.0,1,0,0,1,0,147,400,0.1,55.0,1,0.39,good,good
437,2,58,0.79,3,3,3,8,0.665,0,0,0,0,0,23,0,0.97,23.0,1,0.53,bad,bad
438,2,76,11.5,2,1,13,4,2.125,1,1,11,1,0,77,284,0.78,31.0,2,0.14,good,good
439,2,199,16.5,3,3,2,8,4.0,1,0,0,0,0,159,0,0.32,80.0,2,0.97,bad,bad
440,2,245,0.0,2,1,2,1,15.0,1,0,0,0,0,0,0,0.01,46.0,1,0.03,good,bad
441,2,76,2.5,2,1,6,3,0.085,0,0,0,1,0,1,4208,0.89,68.0,2,0.36,bad,good
442,2,265,0.5,2,1,7,4,5.0,1,0,0,1,0,86,0,0.81,43.0,0,0.19,good,good
443,2,331,14.5,2,1,6,3,18.0,1,1,15,1,0,0,1000,0.12,78.0,2,0.88,good,good
444,2,113,4.25,2,1,3,8,4.29,1,1,1,1,0,8,0,0.81,64.0,2,0.31,good,good
445,1,123,1.5,2,1,10,8,2.0,1,0,0,0,2,97,0,0.22,63.0,2,1.0,bad,good
446,1,49,10.335,2,1,3,4,0.335,1,1,1,1,0,159,50,0.12,8.0,1,0.81,good,good
447,2,31,0.0,2,1,11,8,0.665,0,0,0,0,0,23,1,0.41,41.0,0,0.1,bad,bad
448,1,48,3.0,2,1,11,8,0.165,1,1,3,0,0,1,6,0.86,33.0,0,0.32,good,bad
449,2,242,0.835,2,1,6,3,0.0,1,0,0,0,0,12,1,0.88,60.0,2,0.38,bad,good
450,2,288,26.335,3,3,6,3,0.0,1,0,0,1,0,0,0,0.85,96.0,2,0.13,bad,good
451,2,65,12.125,2,1,2,8,3.335,0,1,2,1,0,34,173,0.58,33.0,2,0.94,bad,bad
452,2,147,1.04,3,3,7,1,0.5,1,1,10,1,0,13,28,0.45,75.0,1,0.49,bad,bad
453,1,59,11.5,3,3,8,5,0.0,1,1,11,1,0,0,0,0.75,86.0,2,0.59,good,good
454,2,288,8.5,2,1,2,4,12.5,1,1,9,0,0,35,1655,0.22,12.0,0,0.45,good,bad
455,2,78,1.0,2,1,2,8,0.835,1,0,0,0,2,80,0,0.08,31.0,2,0.45,good,bad
456,1,34,5.415,2,1,7,4,0.29,0,0,0,0,0,159,484,0.92,18.0,0,0.78,bad,bad
457,2,63,7.835,3,3,7,1,0.165,0,0,0,1,0,170,0,0.93,55.0,2,0.69,bad,bad
458,2,304,1.5,2,1,4,8,3.75,0,0,0,1,0,0,350,0.87,88.0,2,0.46,bad,good
459,2,61,0.25,2,1,4,4,0.665,1,0,0,1,0,0,0,0.31,68.0,0,0.02,good,bad
460,2,299,15.0,2,1,2,8,8.5,1,1,9,0,0,0,0,0.25,51.0,0,0.43,good,bad
461,1,278,3.0,2,1,14,8,13.875,1,1,2,1,0,139,1704,0.66,65.0,1,0.34,good,bad
462,2,174,1.5,2,1,3,4,5.5,1,1,3,1,0,0,0,0.05,52.0,2,0.74,good,good
463,1,132,3.04,3,3,14,4,2.54,1,1,1,0,0,152,0,0.93,81.0,0,0.7,good,good
464,1,89,0.5,2,1,11,4,1.5,1,0,0,0,0,74,824,0.91,78.0,0,0.95,good,good
465,2,94,11.25,2,1,2,8,2.5,1,1,17,0,0,40,1208,0.71,63.0,0,0.68,good,good
466,2,330,1.54,2,1,11,8,0.125,1,0,0,1,0,67,0,0.94,61.0,1,0.62,good,good
467,1,69,11.0,3,3,11,8,3.0,1,0,0,1,0,69,0,0.33,52.0,0,0.57,bad,good
468,2,156,0.0,2,1,13,8,1.25,1,1,1,0,0,42,0,0.36,83.0,0,0.64,good,good
469,1,135,3.75,2,1,2,8,1.085,1,1,1,1,0,100,0,0.99,32.0,2,0.83,good,good
470,2,79,1.5,2,1,2,4,1.415,1,0,0,0,0,117,200,0.75,50.0,1,0.91,good,good
471,1,78,5.875,2,1,11,8,3.17,1,1,10,0,0,8,245,0.45,27.0,0,0.83,good,good
472,2,52,10.085,3,3,5,4,1.25,0,0,0,0,0,67,0,0.94,48.0,2,0.86,bad,bad
473,1,226,1.665,2,1,1,8,0.25,0,0,0,0,0,0,390,0.66,31.0,1,0.72,bad,bad
474,1,74,1.25,2,1,11,8,0.25,0,0,0,1,0,8,809,0.64,38.0,0,0.9,bad,bad
475,1,178,1.625,2,1,4,8,0.54,0,0,0,1,0,0,0,0.67,86.0,2,0.85,bad,bad
476,1,122,3.0,2,1,10,8,2.79,0,1,1,1,0,74,10,0.16,35.0,1,0.06,bad,bad
477,2,9,2.75,2,1,1,8,0.665,0,1,1,0,0,159,21,0.35,67.0,1,0.7,bad,bad
478,1,133,1.665,2,1,11,8,2.415,1,0,0,1,0,122,0,0.39,88.0,1,0.75,bad,good
479,2,18,4.46,2,1,2,8,0.25,0,0,0,0,2,159,0,0.48,71.0,2,0.01,bad,bad
480,2,87,6.625,3,3,4,8,5.5,1,0,0,1,2,1,0,0.93,46.0,1,0.22,good,bad
481,2,28,5.71,2,1,4,8,0.54,0,0,0,0,0,8,0,0.91,18.0,0,0.61,bad,bad
482,2,90,13.5,3,3,6,3,0.0,0,0,0,0,0,170,0,0.5,16.0,2,0.07,bad,bad
483,2,88,12.335,2,1,11,4,1.585,1,0,0,1,0,8,0,0.08,23.0,0,0.88,good,good
484,1,54,2.335,2,1,7,1,0.5,1,1,4,0,2,159,0,0.41,46.0,2,0.06,good,good
485,2,298,0.04,2,1,14,4,0.04,1,0,0,0,0,0,3000,0.35,62.0,1,0.1,good,good
486,2,65,0.585,3,3,6,3,0.0,0,0,0,0,0,1,0,0.91,43.0,0,0.42,bad,bad
487,1,220,6.0,2,1,9,8,1.0,1,0,0,1,0,0,0,0.52,32.0,1,0.96,good,good
488,2,217,0.0,0,0,0,0,0.0,0,0,0,0,1,170,0,0.47,61.0,0,0.76,good,good
489,2,133,3.625,2,1,1,8,0.25,0,0,0,1,0,1,0,0.55,56.0,0,0.59,bad,bad
490,2,279,0.29,2,1,2,1,15.0,1,1,20,0,0,0,15000,0.62,52.0,0,0.92,good,good
491,2,36,6.5,2,1,13,4,1.46,1,1,7,0,0,159,2954,0.57,61.0,1,0.82,good,good
492,2,244,1.335,2,1,4,8,0.165,0,0,0,0,0,27,0,0.53,81.0,2,0.42,bad,bad
493,1,123,2.04,2,1,13,8,0.25,0,0,0,1,0,34,50,0.51,28.0,2,1.0,bad,bad
494,2,62,0.54,3,3,14,8,0.04,1,1,1,1,0,160,59,0.56,61.0,2,0.13,good,good
495,1,32,9.25,3,3,2,8,1.0,1,1,4,1,0,159,500,0.71,78.0,0,0.9,good,good
496,2,206,5.0,2,1,2,1,2.5,1,1,6,0,0,0,367,0.92,99.0,1,0.79,good,good
497,2,171,2.5,2,1,2,8,1.25,0,0,0,1,0,74,0,0.63,65.0,1,0.81,bad,bad
498,1,241,10.0,2,1,11,4,1.75,1,0,0,0,0,76,837,0.26,70.0,1,0.39,good,good
499,0,89,12.75,2,1,2,1,4.75,1,1,2,0,0,155,444,0.24,72.0,2,0.46,good,good
